{"/Users/Amish1188/Desktop/skole/skole sec sem/js/quiz/src/index.js": {"path":"/Users/Amish1188/Desktop/skole/skole sec sem/js/quiz/src/index.js","statementMap":{"0":{"start":{"line":3,"column":14},"end":{"line":3,"column":48}},"1":{"start":{"line":4,"column":15},"end":{"line":4,"column":50}},"2":{"start":{"line":7,"column":14},"end":{"line":7,"column":15}},"3":{"start":{"line":9,"column":20},"end":{"line":9,"column":44}},"4":{"start":{"line":12,"column":0},"end":{"line":12,"column":20}},"5":{"start":{"line":26,"column":4},"end":{"line":26,"column":48}},"6":{"start":{"line":27,"column":4},"end":{"line":33,"column":7}},"7":{"start":{"line":28,"column":23},"end":{"line":28,"column":55}},"8":{"start":{"line":29,"column":8},"end":{"line":29,"column":39}},"9":{"start":{"line":30,"column":8},"end":{"line":30,"column":30}},"10":{"start":{"line":31,"column":8},"end":{"line":31,"column":55}},"11":{"start":{"line":32,"column":8},"end":{"line":32,"column":36}},"12":{"start":{"line":38,"column":4},"end":{"line":40,"column":5}},"13":{"start":{"line":39,"column":8},"end":{"line":39,"column":48}},"14":{"start":{"line":45,"column":18},"end":{"line":45,"column":48}},"15":{"start":{"line":46,"column":4},"end":{"line":50,"column":5}},"16":{"start":{"line":47,"column":8},"end":{"line":47,"column":24}},"17":{"start":{"line":49,"column":8},"end":{"line":49,"column":28}},"18":{"start":{"line":52,"column":4},"end":{"line":52,"column":14}},"19":{"start":{"line":53,"column":4},"end":{"line":53,"column":24}},"20":{"start":{"line":59,"column":4},"end":{"line":59,"column":17}},"21":{"start":{"line":60,"column":4},"end":{"line":65,"column":5}},"22":{"start":{"line":61,"column":8},"end":{"line":61,"column":48}},"23":{"start":{"line":64,"column":8},"end":{"line":64,"column":23}},"24":{"start":{"line":70,"column":24},"end":{"line":70,"column":26}},"25":{"start":{"line":71,"column":23},"end":{"line":71,"column":30}},"26":{"start":{"line":73,"column":20},"end":{"line":75,"column":5}},"27":{"start":{"line":74,"column":8},"end":{"line":74,"column":63}},"28":{"start":{"line":77,"column":14},"end":{"line":77,"column":28}},"29":{"start":{"line":78,"column":18},"end":{"line":78,"column":19}},"30":{"start":{"line":80,"column":4},"end":{"line":85,"column":5}},"31":{"start":{"line":81,"column":8},"end":{"line":81,"column":35}},"32":{"start":{"line":82,"column":8},"end":{"line":82,"column":55}},"33":{"start":{"line":83,"column":8},"end":{"line":83,"column":45}},"34":{"start":{"line":84,"column":8},"end":{"line":84,"column":18}},"35":{"start":{"line":87,"column":4},"end":{"line":87,"column":25}}},"fnMap":{"0":{"name":"questionDisplay","decl":{"start":{"line":24,"column":16},"end":{"line":24,"column":31}},"loc":{"start":{"line":25,"column":0},"end":{"line":34,"column":1}},"line":25},"1":{"name":"(anonymous_1)","decl":{"start":{"line":27,"column":35},"end":{"line":27,"column":36}},"loc":{"start":{"line":27,"column":45},"end":{"line":33,"column":5}},"line":27},"2":{"name":"resetState","decl":{"start":{"line":37,"column":16},"end":{"line":37,"column":26}},"loc":{"start":{"line":37,"column":29},"end":{"line":41,"column":1}},"line":37},"3":{"name":"selectAnswer","decl":{"start":{"line":44,"column":16},"end":{"line":44,"column":28}},"loc":{"start":{"line":44,"column":32},"end":{"line":54,"column":1}},"line":44},"4":{"name":"checkIfEnd","decl":{"start":{"line":58,"column":16},"end":{"line":58,"column":26}},"loc":{"start":{"line":58,"column":29},"end":{"line":66,"column":1}},"line":58},"5":{"name":"randomizingQuiz","decl":{"start":{"line":69,"column":16},"end":{"line":69,"column":31}},"loc":{"start":{"line":69,"column":41},"end":{"line":88,"column":1}},"line":69},"6":{"name":"(anonymous_6)","decl":{"start":{"line":73,"column":20},"end":{"line":73,"column":21}},"loc":{"start":{"line":73,"column":26},"end":{"line":75,"column":5}},"line":73}},"branchMap":{"0":{"loc":{"start":{"line":46,"column":4},"end":{"line":50,"column":5}},"type":"if","locations":[{"start":{"line":46,"column":4},"end":{"line":50,"column":5}},{"start":{"line":46,"column":4},"end":{"line":50,"column":5}}],"line":46},"1":{"loc":{"start":{"line":60,"column":4},"end":{"line":65,"column":5}},"type":"if","locations":[{"start":{"line":60,"column":4},"end":{"line":65,"column":5}},{"start":{"line":60,"column":4},"end":{"line":65,"column":5}}],"line":60}},"s":{"0":0,"1":0,"2":0,"3":0,"4":0,"5":0,"6":0,"7":0,"8":0,"9":0,"10":0,"11":0,"12":0,"13":0,"14":0,"15":0,"16":0,"17":0,"18":0,"19":0,"20":0,"21":0,"22":0,"23":0,"24":0,"25":0,"26":0,"27":0,"28":0,"29":0,"30":0,"31":0,"32":0,"33":0,"34":0,"35":0},"f":{"0":0,"1":0,"2":0,"3":0,"4":0,"5":0,"6":0},"b":{"0":[0,0],"1":[0,0]}}
,"/Users/Amish1188/Desktop/skole/skole sec sem/js/quiz/src/quiz.js": {"path":"/Users/Amish1188/Desktop/skole/skole sec sem/js/quiz/src/quiz.js","statementMap":{"0":{"start":{"line":1,"column":14},"end":{"line":32,"column":1}}},"fnMap":{},"branchMap":{},"s":{"0":0},"f":{},"b":{}}
}
