{"/Users/Amish1188/Desktop/skole/skole sec sem/js/quiz/src/QuizGame.jsx": {"path":"/Users/Amish1188/Desktop/skole/skole sec sem/js/quiz/src/QuizGame.jsx","statementMap":{"0":{"start":{"line":8,"column":4},"end":{"line":8,"column":17}},"1":{"start":{"line":9,"column":8},"end":{"line":11,"column":9}},"2":{"start":{"line":17,"column":28},"end":{"line":17,"column":30}},"3":{"start":{"line":18,"column":27},"end":{"line":18,"column":28}},"4":{"start":{"line":20,"column":24},"end":{"line":22,"column":9}},"5":{"start":{"line":21,"column":12},"end":{"line":21,"column":67}},"6":{"start":{"line":24,"column":18},"end":{"line":24,"column":32}},"7":{"start":{"line":25,"column":22},"end":{"line":25,"column":23}},"8":{"start":{"line":27,"column":8},"end":{"line":32,"column":9}},"9":{"start":{"line":28,"column":12},"end":{"line":28,"column":39}},"10":{"start":{"line":29,"column":12},"end":{"line":29,"column":59}},"11":{"start":{"line":30,"column":12},"end":{"line":30,"column":49}},"12":{"start":{"line":31,"column":12},"end":{"line":31,"column":22}},"13":{"start":{"line":34,"column":8},"end":{"line":34,"column":28}},"14":{"start":{"line":38,"column":8},"end":{"line":38,"column":37}},"15":{"start":{"line":39,"column":8},"end":{"line":43,"column":9}}},"fnMap":{"0":{"name":"(anonymous_0)","decl":{"start":{"line":7,"column":4},"end":{"line":7,"column":5}},"loc":{"start":{"line":7,"column":22},"end":{"line":12,"column":5}},"line":7},"1":{"name":"(anonymous_1)","decl":{"start":{"line":16,"column":4},"end":{"line":16,"column":5}},"loc":{"start":{"line":16,"column":15},"end":{"line":35,"column":5}},"line":16},"2":{"name":"(anonymous_2)","decl":{"start":{"line":20,"column":24},"end":{"line":20,"column":25}},"loc":{"start":{"line":20,"column":30},"end":{"line":22,"column":9}},"line":20},"3":{"name":"(anonymous_3)","decl":{"start":{"line":37,"column":4},"end":{"line":37,"column":5}},"loc":{"start":{"line":37,"column":13},"end":{"line":44,"column":5}},"line":37}},"branchMap":{},"s":{"0":1,"1":1,"2":1,"3":1,"4":1,"5":3,"6":1,"7":1,"8":1,"9":3,"10":3,"11":3,"12":3,"13":1,"14":1,"15":1},"f":{"0":1,"1":1,"2":3,"3":1},"b":{},"_coverageSchema":"43e27e138ebf9cfc5966b082cf9a028302ed4184","hash":"300c4f63a824976761e30c92a8bb8fc5a0abd9f4"}
,"/Users/Amish1188/Desktop/skole/skole sec sem/js/quiz/src/index.jsx": {"path":"/Users/Amish1188/Desktop/skole/skole sec sem/js/quiz/src/index.jsx","statementMap":{"0":{"start":{"line":7,"column":12},"end":{"line":11,"column":1}},"1":{"start":{"line":8,"column":4},"end":{"line":10,"column":5}},"2":{"start":{"line":13,"column":0},"end":{"line":13,"column":57}}},"fnMap":{"0":{"name":"(anonymous_0)","decl":{"start":{"line":7,"column":12},"end":{"line":7,"column":13}},"loc":{"start":{"line":7,"column":18},"end":{"line":11,"column":1}},"line":7}},"branchMap":{},"s":{"0":0,"1":0,"2":0},"f":{"0":0},"b":{},"hash":"b7dccb350bf5da7b8b0b2bec465413cb9dd06af6"}
,"/Users/Amish1188/Desktop/skole/skole sec sem/js/quiz/src/quiz.js": {"path":"/Users/Amish1188/Desktop/skole/skole sec sem/js/quiz/src/quiz.js","statementMap":{"0":{"start":{"line":1,"column":23},"end":{"line":29,"column":1}}},"fnMap":{},"branchMap":{},"s":{"0":1},"f":{},"b":{},"_coverageSchema":"43e27e138ebf9cfc5966b082cf9a028302ed4184","hash":"1878605503a8183579e6df820f7c698c713f5903"}
,"/Users/Amish1188/Desktop/skole/skole sec sem/js/quiz/src/components/Answer.jsx": {"path":"/Users/Amish1188/Desktop/skole/skole sec sem/js/quiz/src/components/Answer.jsx","statementMap":{"0":{"start":{"line":5,"column":8},"end":{"line":5,"column":20}},"1":{"start":{"line":13,"column":8},"end":{"line":15,"column":10}}},"fnMap":{"0":{"name":"(anonymous_0)","decl":{"start":{"line":4,"column":4},"end":{"line":4,"column":5}},"loc":{"start":{"line":4,"column":22},"end":{"line":6,"column":5}},"line":4},"1":{"name":"(anonymous_1)","decl":{"start":{"line":9,"column":4},"end":{"line":9,"column":5}},"loc":{"start":{"line":9,"column":13},"end":{"line":16,"column":5}},"line":9}},"branchMap":{},"s":{"0":4,"1":4},"f":{"0":4,"1":4},"b":{},"_coverageSchema":"43e27e138ebf9cfc5966b082cf9a028302ed4184","hash":"899911c8073c2174caf182b8068181a7b56b88d0"}
,"/Users/Amish1188/Desktop/skole/skole sec sem/js/quiz/src/components/QuestionContainer.jsx": {"path":"/Users/Amish1188/Desktop/skole/skole sec sem/js/quiz/src/components/QuestionContainer.jsx","statementMap":{"0":{"start":{"line":6,"column":8},"end":{"line":6,"column":21}},"1":{"start":{"line":7,"column":8},"end":{"line":9,"column":10}},"2":{"start":{"line":10,"column":8},"end":{"line":10,"column":54}},"3":{"start":{"line":15,"column":8},"end":{"line":21,"column":9}},"4":{"start":{"line":16,"column":12},"end":{"line":16,"column":27}},"5":{"start":{"line":17,"column":12},"end":{"line":17,"column":62}},"6":{"start":{"line":19,"column":12},"end":{"line":19,"column":28}},"7":{"start":{"line":20,"column":12},"end":{"line":20,"column":62}},"8":{"start":{"line":25,"column":30},"end":{"line":25,"column":73}},"9":{"start":{"line":26,"column":38},"end":{"line":26,"column":82}},"10":{"start":{"line":27,"column":10},"end":{"line":35,"column":13}},"11":{"start":{"line":32,"column":20},"end":{"line":32,"column":136}}},"fnMap":{"0":{"name":"(anonymous_0)","decl":{"start":{"line":5,"column":4},"end":{"line":5,"column":5}},"loc":{"start":{"line":5,"column":22},"end":{"line":11,"column":5}},"line":5},"1":{"name":"(anonymous_1)","decl":{"start":{"line":14,"column":4},"end":{"line":14,"column":5}},"loc":{"start":{"line":14,"column":19},"end":{"line":22,"column":6}},"line":14},"2":{"name":"(anonymous_2)","decl":{"start":{"line":24,"column":4},"end":{"line":24,"column":5}},"loc":{"start":{"line":24,"column":13},"end":{"line":36,"column":5}},"line":24},"3":{"name":"(anonymous_3)","decl":{"start":{"line":31,"column":29},"end":{"line":31,"column":30}},"loc":{"start":{"line":31,"column":39},"end":{"line":33,"column":17}},"line":31}},"branchMap":{"0":{"loc":{"start":{"line":15,"column":8},"end":{"line":21,"column":9}},"type":"if","locations":[{"start":{"line":15,"column":8},"end":{"line":21,"column":9}},{"start":{"line":15,"column":8},"end":{"line":21,"column":9}}],"line":15}},"s":{"0":1,"1":1,"2":1,"3":0,"4":0,"5":0,"6":0,"7":0,"8":1,"9":1,"10":1,"11":4},"f":{"0":1,"1":0,"2":1,"3":4},"b":{"0":[0,0]},"_coverageSchema":"43e27e138ebf9cfc5966b082cf9a028302ed4184","hash":"d9909709d6766a50aec2c9bac41b338881d2b0ba"}
}
