TN:
SF:/Users/Amish1188/Desktop/skole/skole sec sem/js/quiz/src/index.js
FN:24,questionDisplay
FN:27,(anonymous_1)
FN:37,resetState
FN:44,selectAnswer
FN:58,checkIfEnd
FN:69,randomizingQuiz
FN:73,(anonymous_6)
FNF:7
FNH:0
FNDA:0,questionDisplay
FNDA:0,(anonymous_1)
FNDA:0,resetState
FNDA:0,selectAnswer
FNDA:0,checkIfEnd
FNDA:0,randomizingQuiz
FNDA:0,(anonymous_6)
DA:3,0
DA:4,0
DA:7,0
DA:9,0
DA:12,0
DA:26,0
DA:27,0
DA:28,0
DA:29,0
DA:30,0
DA:31,0
DA:32,0
DA:38,0
DA:39,0
DA:45,0
DA:46,0
DA:47,0
DA:49,0
DA:52,0
DA:53,0
DA:59,0
DA:60,0
DA:61,0
DA:64,0
DA:70,0
DA:71,0
DA:73,0
DA:74,0
DA:77,0
DA:78,0
DA:80,0
DA:81,0
DA:82,0
DA:83,0
DA:84,0
DA:87,0
LF:36
LH:0
BRDA:46,0,0,0
BRDA:46,0,1,0
BRDA:60,1,0,0
BRDA:60,1,1,0
BRF:4
BRH:0
end_of_record
TN:
SF:/Users/Amish1188/Desktop/skole/skole sec sem/js/quiz/src/quiz.js
FNF:0
FNH:0
DA:1,0
LF:1
LH:0
BRF:0
BRH:0
end_of_record
